<?xml version="1.0" encoding="UTF-8"?>
<!-- Generated by org.testng.reporters.JUnitReportReporter -->
<testsuite skipped="0" hostname="VAMCCHOWDARY" name="com.qa.Test.GetApiTest" tests="1" failures="0" timestamp="2020-04-13T12:03:39 IST" time="2.097" errors="0">
  <testcase name="getTest" time="2.097" classname="com.qa.Test.GetApiTest"/>
  <system-out/>
</testsuite> <!-- com.qa.Test.GetApiTest -->
